[2026-07-24T07:24:21Z] === setup ===
[2026-07-24T07:24:21Z] tools: dexdo 0.0.15, 
[2026-07-24T07:24:21Z] setup OK
[2026-07-24T07:24:21Z] deploying PN -> /tmp/pn_pool.json
[2026-07-24T07:24:21Z] checking funding wallet balance...
[2026-07-24T07:24:22Z]   wallet ecc: ecc:             {"1":"40000000000000","2":"4900000000000"}
[2026-07-24T07:24:22Z]   NACKL=40000000000000  SHELL=4900000000000  VMSHELL=95926606000
[2026-07-24T07:24:22Z]   pool already exists
[2026-07-24T07:24:22Z] PN: 0:f93826e27924e3e92a46ad2843ed9ae84518cc018079f3e9a78c3724b47c0c8c
[2026-07-24T07:24:22Z] funding 0:f93826e27924e3e92a46ad2843ed9ae84518cc018079f3e9a78c3724b47c0c8c with 1000 SHELL via giver...
  "aborted": false,
[2026-07-24T07:24:27Z] find_ask attempt 1/6
[2026-07-24T07:24:27Z] scanning markets for third-party ask (excluding 0:f93826e27924e3e92a46ad2843ed9ae84518cc018079f3e9a78c3724b47c0c8c)...
[2026-07-24T07:24:31Z]   FOUND third-party ask: mock3--sellorder--v1 | seller=0:0ee1889d1c26a572eec339321f0f8598af855a62b4a62ab485660f21b955a143 | price=0x00000000000000000000000000000000000000000000000000000000000003e8 | amount=1024
[2026-07-24T07:24:31Z] buying: [2026-07-24T07:24:27Z] find_ask attempt 1/6
[2026-07-24T07:24:27Z] scanning markets for third-party ask (excluding 0:f93826e27924e3e92a46ad2843ed9ae84518cc018079f3e9a78c3724b47c0c8c)...
[2026-07-24T07:24:31Z]   FOUND third-party ask: mock3--sellorder--v1 | seller=0:0ee1889d1c26a572eec339321f0f8598af855a62b4a62ab485660f21b955a143 | price=0x00000000000000000000000000000000000000000000000000000000000003e8 | amount=1024
mock3--sellorder--v1 pn=0:f93826e27924e3e92a46ad2843ed9ae84518cc018079f3e9a78c3724b47c0c8c
[2026-07-24T07:24:35Z]   resp: curl: (7) Failed to connect to 127.0.0.1 port 8080 after 0 ms: Connection refused
[2026-07-24T07:24:35Z]   deal: none
[2026-07-24T07:24:42Z] withdrawing 0:f93826e27924e3e92a46ad2843ed9ae84518cc018079f3e9a78c3724b47c0c8c -> 0:916c7235d75b49d7c4c11a49db10bccaf121bf9661ac2dffa7b1f459565ccbc4
Error: note 0:f93826e27924e3e92a46ad2843ed9ae84518cc018079f3e9a78c3724b47c0c8c was already withdrawn -- `withdrawTokens` is one-shot per note. Re-check the note/wallet on-chain before assuming any remaining balance is withdrawable.
[2026-07-24T07:24:49Z] === final wallet balance ===
balance:         0 nanovmshell
ecc:             {"1":"50000000000000","2":"11349999999998"}
[2026-07-24T07:24:49Z] === cycle done (with buy) ===
