[2026-07-24T06:40:16Z] === setup ===
[2026-07-24T06:40:16Z] setup OK
[2026-07-24T06:40:17Z]   wallet ecc: ecc:             {"1":"50000000000000","2":"13400000000000"}
[2026-07-24T06:40:17Z]   NACKL=50000000000000 SHELL=13400000000000 VMSHELL=71738202000
[2026-07-24T06:40:17Z] seller PN pool already exists
[2026-07-24T06:40:17Z] seller PN: 0:8518c261c0820c054b928a9daf7727b64306913360837a0c2cc100603096e50e
[2026-07-24T06:40:18Z] PN SHELL raw=0
[2026-07-24T06:40:18Z] funding PN 0:8518c261c0820c054b928a9daf7727b64306913360837a0c2cc100603096e50e with 100 SHELL...
  "aborted": false,
[2026-07-24T06:40:22Z] using nonce=875222
[2026-07-24T06:40:22Z] provisioning deal (nonce=875222)...
[2026-07-24T06:40:33Z]   deal provisioned: 0:d13747d8c9fd68e87e42c06c166a728ab2ace4b499162179810bcd54bceb63fa
[2026-07-24T06:40:33Z] launching seller gateway (12 min)...
Error: policy (/home/runner/.config/dexdo/policy.json) is missing or unreadable - dexdo seller will not place an order.
Unanswered/invalid (no defaults allowed):
  seller.* -> all required policy keys
Run `dexdo policy init` to scaffold, fill every field, then retry.
Cause: read policy /home/runner/.config/dexdo/policy.json: No such file or directory (os error 2)
[2026-07-24T06:40:33Z] seller gateway exited
[2026-07-24T06:40:33Z] withdrawing seller PN -> 0:916c7235d75b49d7c4c11a49db10bccaf121bf9661ac2dffa7b1f459565ccbc4
Error: note 0:8518c261c0820c054b928a9daf7727b64306913360837a0c2cc100603096e50e was already withdrawn -- `withdrawTokens` is one-shot per note. Re-check the note/wallet on-chain before assuming any remaining balance is withdrawable.
[2026-07-24T06:40:36Z] === final wallet balance ===
balance:         0 nanovmshell
ecc:             {"1":"50000000000000","2":"11349999999998"}
[2026-07-24T06:40:37Z] === DONE ===
