[2026-07-24T06:35:25Z] === setup ===
[2026-07-24T06:35:25Z] installing dexdo...
[2026-07-24T06:35:27Z] installing tvm-cli...
[2026-07-24T06:35:29Z] setup OK
[2026-07-24T06:35:30Z]   wallet ecc: ecc:             {"1":"50000000000000","2":"13400000000000"}
[2026-07-24T06:35:30Z]   NACKL=50000000000000 SHELL=13400000000000 VMSHELL=71738202000
[2026-07-24T06:35:30Z] deploying seller PN...
[2026-07-24T06:39:35Z]   PN on-chain (0:8518c261c0820c054b928a9daf7727b64306913360837a0c2cc100603096e50e), finalizing pool
[2026-07-24T06:39:35Z] seller PN: 0:8518c261c0820c054b928a9daf7727b64306913360837a0c2cc100603096e50e
[2026-07-24T06:39:36Z] PN SHELL raw=0
[2026-07-24T06:39:36Z] funding PN 0:8518c261c0820c054b928a9daf7727b64306913360837a0c2cc100603096e50e with 100 SHELL...
  "aborted": false,
[2026-07-24T06:39:40Z] using nonce=875180
[2026-07-24T06:39:40Z] provisioning deal (nonce=875180)...
[2026-07-24T06:39:55Z]   deal provisioned: 0:ed9f51cbd6edc36e12170ddeade85efb354ba94e7cf86195fbab09e75a56e6de
[2026-07-24T06:39:55Z] launching seller gateway (12 min)...
Error: policy (/home/runner/.config/dexdo/policy.json) is missing or unreadable - dexdo seller will not place an order.
Unanswered/invalid (no defaults allowed):
  seller.* -> all required policy keys
Run `dexdo policy init` to scaffold, fill every field, then retry.
Cause: read policy /home/runner/.config/dexdo/policy.json: No such file or directory (os error 2)
[2026-07-24T06:39:55Z] seller gateway exited
[2026-07-24T06:39:55Z] withdrawing seller PN -> 0:916c7235d75b49d7c4c11a49db10bccaf121bf9661ac2dffa7b1f459565ccbc4
withdrawTokens submitted for note 0:8518c261c0820c054b928a9daf7727b64306913360837a0c2cc100603096e50e -> 0:916c7235d75b49d7c4c11a49db10bccaf121bf9661ac2dffa7b1f459565ccbc4
[2026-07-24T06:39:59Z] === final wallet balance ===
balance:         0 nanovmshell
ecc:             {"1":"50000000000000","2":"10299999999998"}
[2026-07-24T06:39:59Z] === DONE ===
